setting 'ivy.default.settings.dir' to 'jar:file:/root/.sbt/launchers/0.13.8/sbt-launch.jar!/org/apache/ivy/core/settings'
setting 'ivy.basedir' to '/opt/app-backend/.'
setting 'ivy.default.conf.dir' to 'jar:file:/root/.sbt/launchers/0.13.8/sbt-launch.jar!/org/apache/ivy/core/settings'
impossible to define new type: class not found: org.apache.ivy.plugins.resolver.SshResolver in [] nor Ivy classloader
impossible to define new type: class not found: org.apache.ivy.plugins.resolver.VsftpResolver in [] nor Ivy classloader
impossible to define new type: class not found: org.apache.ivy.plugins.version.PatternVersionMatcher in [] nor Ivy classloader
impossible to define new type: class not found: org.apache.ivy.plugins.trigger.LogTrigger in [] nor Ivy classloader
impossible to define new type: class not found: org.apache.ivy.ant.AntBuildTrigger in [] nor Ivy classloader
impossible to define new type: class not found: org.apache.ivy.plugins.resolver.IvyRepResolver in [] nor Ivy classloader
impossible to define new type: class not found: org.apache.ivy.plugins.signer.bouncycastle.OpenPGPSignatureGenerator in [] nor Ivy classloader
impossible to define new type: class not found: org.apache.ivy.plugins.conflict.RegexpConflictManager in [] nor Ivy classloader
impossible to define new type: class not found: org.apache.ivy.plugins.resolver.SFTPResolver in [] nor Ivy classloader
impossible to define new type: class not found: org.apache.ivy.osgi.updatesite.UpdateSiteResolver in [] nor Ivy classloader
impossible to define new type: class not found: org.apache.ivy.ant.AntCallTrigger in [] nor Ivy classloader
impossible to define new type: class not found: org.apache.ivy.plugins.resolver.MirroredURLResolver in [] nor Ivy classloader
impossible to define new type: class not found: org.apache.ivy.plugins.resolver.packager.PackagerResolver in [] nor Ivy classloader
impossible to define new type: class not found: org.apache.ivy.plugins.resolver.DualResolver in [] nor Ivy classloader
impossible to define new type: class not found: org.apache.ivy.plugins.resolver.VfsResolver in [] nor Ivy classloader
impossible to define new type: class not found: org.apache.ivy.plugins.resolver.JarResolver in [] nor Ivy classloader
impossible to define new type: class not found: org.apache.ivy.osgi.obr.OBRResolver in [] nor Ivy classloader
impossible to define glob matcher: org.apache.ivy.plugins.matcher.GlobPatternMatcher was not found.
setting 'jline.esc.timeout' to '0'
setting 'java.runtime.name' to 'OpenJDK Runtime Environment'
setting 'sun.boot.library.path' to '/usr/lib/jvm/java-8-openjdk-amd64/jre/lib/amd64'
setting 'java.vm.version' to '25.121-b13'
setting 'java.vm.vendor' to 'Oracle Corporation'
setting 'java.vendor.url' to 'http://java.oracle.com/'
setting 'path.separator' to ':'
setting 'java.vm.name' to 'OpenJDK 64-Bit Server VM'
setting 'file.encoding.pkg' to 'sun.io'
setting 'sun.java.launcher' to 'SUN_STANDARD'
setting 'sun.os.patch.level' to 'unknown'
setting 'java.vm.specification.name' to 'Java Virtual Machine Specification'
setting 'user.dir' to '/opt/app-backend'
setting 'java.runtime.version' to '1.8.0_121-8u121-b13-1~bpo8+1-b13'
setting 'java.awt.graphicsenv' to 'sun.awt.X11GraphicsEnvironment'
setting 'java.endorsed.dirs' to '/usr/lib/jvm/java-8-openjdk-amd64/jre/lib/endorsed'
setting 'os.arch' to 'amd64'
setting 'java.io.tmpdir' to '/tmp'
setting 'line.separator' to '
'
setting 'java.vm.specification.vendor' to 'Oracle Corporation'
setting 'os.name' to 'Linux'
setting 'sun.jnu.encoding' to 'UTF-8'
setting 'java.library.path' to '/usr/java/packages/lib/amd64:/usr/lib/x86_64-linux-gnu/jni:/lib/x86_64-linux-gnu:/usr/lib/x86_64-linux-gnu:/usr/lib/jni:/lib:/usr/lib'
setting 'java.specification.name' to 'Java Platform API Specification'
setting 'java.class.version' to '52.0'
setting 'sun.management.compiler' to 'HotSpot 64-Bit Tiered Compilers'
setting 'os.version' to '3.13.0-83-generic'
setting 'user.home' to '/root'
setting 'user.timezone' to 'Etc/UTC'
setting 'java.awt.printerjob' to 'sun.print.PSPrinterJob'
setting 'file.encoding' to 'UTF-8'
setting 'java.specification.version' to '1.8'
setting 'java.class.path' to '/root/.sbt/launchers/0.13.8/sbt-launch.jar'
setting 'user.name' to 'root'
setting 'jline.shutdownhook' to 'false'
setting 'java.vm.specification.version' to '1.8'
setting 'sun.java.command' to '/root/.sbt/launchers/0.13.8/sbt-launch.jar warn set javaHome in ThisBuild := Some(file("/usr/lib/jvm/java-8-openjdk-amd64/jre")) info ~server/reStart'
setting 'java.home' to '/usr/lib/jvm/java-8-openjdk-amd64/jre'
setting 'sun.arch.data.model' to '64'
setting 'user.language' to 'en'
setting 'java.specification.vendor' to 'Oracle Corporation'
setting 'awt.toolkit' to 'sun.awt.X11.XToolkit'
setting 'java.vm.info' to 'mixed mode'
setting 'java.version' to '1.8.0_121'
setting 'java.ext.dirs' to '/usr/lib/jvm/java-8-openjdk-amd64/jre/lib/ext:/usr/java/packages/lib/ext'
setting 'sun.boot.class.path' to '/usr/lib/jvm/java-8-openjdk-amd64/jre/lib/resources.jar:/usr/lib/jvm/java-8-openjdk-amd64/jre/lib/rt.jar:/usr/lib/jvm/java-8-openjdk-amd64/jre/lib/sunrsasign.jar:/usr/lib/jvm/java-8-openjdk-amd64/jre/lib/jsse.jar:/usr/lib/jvm/java-8-openjdk-amd64/jre/lib/jce.jar:/usr/lib/jvm/java-8-openjdk-amd64/jre/lib/charsets.jar:/usr/lib/jvm/java-8-openjdk-amd64/jre/lib/jfr.jar:/usr/lib/jvm/java-8-openjdk-amd64/jre/classes'
setting 'java.vendor' to 'Oracle Corporation'
setting 'file.separator' to '/'
setting 'java.vendor.url.bug' to 'http://bugreport.sun.com/bugreport/'
setting 'sun.io.unicode.encoding' to 'UnicodeLittle'
setting 'sun.cpu.endian' to 'little'
setting 'sun.cpu.isalist' to ''
setting 'ivy.default.ivy.user.dir' to '/root/.ivy2'
setting 'ivy.home' to '/root/.ivy2'
setting 'ivy.cache.dir' to '/root/.ivy2/cache'
no default cache defined: set to /root/.ivy2/cache
setting 'ivy.checksums' to 'sha1,md5'
setting 'ivy.basedir' to '/root/.sbt/boot'
setting 'basedir' to '/root/.sbt/boot'
setting 'scala' to '2.10.4'
:: resolving dependencies :: org.scala-sbt#boot-scala;1.0
	confs: [default]
	validate = true
	refresh = false
resolving dependencies for configuration 'default'
== resolving dependencies for org.scala-sbt#boot-scala;1.0 [default]
loadData of org.scala-sbt#boot-scala;1.0 of rootConf=default
== resolving dependencies org.scala-sbt#boot-scala;1.0->org.scala-lang#scala-compiler;2.10.4 [default->default]
loadData of org.scala-lang#scala-compiler;2.10.4 of rootConf=default
	using redefined-public to resolve org.scala-lang#scala-compiler;2.10.4
redefined-public: Checking cache for: dependency: org.scala-lang#scala-compiler;2.10.4 {default=[default, optional(default)]}
redefined-public: no namespace defined: using system
No entry is found in the ModuleDescriptorCache : /root/.ivy2/cache/org.scala-lang/scala-compiler/ivy-2.10.4.xml
post 1.3 ivy file: using exact as default matcher
	found ivy file in cache for org.scala-lang#scala-compiler;2.10.4 (resolved by redefined-public): /root/.ivy2/cache/org.scala-lang/scala-compiler/ivy-2.10.4.xml
redefined-public: module revision found in cache: org.scala-lang#scala-compiler;2.10.4
redefined-public: no latest strategy defined: using default
	found org.scala-lang#scala-compiler;2.10.4 in redefined-public
== resolving dependencies org.scala-sbt#boot-scala;1.0->org.scala-lang#scala-compiler;2.10.4 [default->runtime]
loadData of org.scala-lang#scala-compiler;2.10.4 of rootConf=default
== resolving dependencies org.scala-sbt#boot-scala;1.0->org.scala-lang#scala-compiler;2.10.4 [default->compile]
loadData of org.scala-lang#scala-compiler;2.10.4 of rootConf=default
== resolving dependencies org.scala-lang#scala-compiler;2.10.4->org.scala-lang#scala-library;2.10.4 [compile->master(compile)]
loadData of org.scala-lang#scala-library;2.10.4 of rootConf=default
	using redefined-public to resolve org.scala-lang#scala-library;2.10.4
redefined-public: Checking cache for: dependency: org.scala-lang#scala-library;2.10.4 {compile=[compile(*), master(compile)], runtime=[runtime(*)]}
No entry is found in the ModuleDescriptorCache : /root/.ivy2/cache/org.scala-lang/scala-library/ivy-2.10.4.xml
post 1.3 ivy file: using exact as default matcher
	found ivy file in cache for org.scala-lang#scala-library;2.10.4 (resolved by redefined-public): /root/.ivy2/cache/org.scala-lang/scala-library/ivy-2.10.4.xml
redefined-public: module revision found in cache: org.scala-lang#scala-library;2.10.4
	found org.scala-lang#scala-library;2.10.4 in redefined-public
loadData of org.scala-lang#scala-library;2.10.4 of rootConf=default
	[2.10.4] org.scala-lang#scala-library;2.10.4
== resolving dependencies org.scala-lang#scala-compiler;2.10.4->org.scala-lang#scala-library;2.10.4 [compile->compile(*)]
loadData of org.scala-lang#scala-library;2.10.4 of rootConf=default
== resolving dependencies org.scala-lang#scala-compiler;2.10.4->org.scala-lang#scala-library;2.10.4 [compile->default]
loadData of org.scala-lang#scala-library;2.10.4 of rootConf=default
== resolving dependencies org.scala-lang#scala-compiler;2.10.4->org.scala-lang#scala-library;2.10.4 [compile->runtime]
loadData of org.scala-lang#scala-library;2.10.4 of rootConf=default
== resolving dependencies org.scala-lang#scala-compiler;2.10.4->org.scala-lang#scala-library;2.10.4 [compile->compile]
loadData of org.scala-lang#scala-library;2.10.4 of rootConf=default
== resolving dependencies org.scala-lang#scala-compiler;2.10.4->org.scala-lang#scala-library;2.10.4 [compile->master]
loadData of org.scala-lang#scala-library;2.10.4 of rootConf=default
== resolving dependencies org.scala-lang#scala-compiler;2.10.4->org.scala-lang#scala-library;2.10.4 [compile->runtime(*)]
loadData of org.scala-lang#scala-library;2.10.4 of rootConf=default
== resolving dependencies org.scala-lang#scala-compiler;2.10.4->org.scala-lang#scala-library;2.10.4 [compile->compile]
loadData of org.scala-lang#scala-library;2.10.4 of rootConf=default
default is loaded and no conf to load.  Skip loading
== resolving dependencies org.scala-lang#scala-compiler;2.10.4->org.scala-lang#scala-reflect;2.10.4 [compile->master(compile)]
loadData of org.scala-lang#scala-reflect;2.10.4 of rootConf=default
	using redefined-public to resolve org.scala-lang#scala-reflect;2.10.4
redefined-public: Checking cache for: dependency: org.scala-lang#scala-reflect;2.10.4 {compile=[compile(*), master(compile)], runtime=[runtime(*)]}
No entry is found in the ModuleDescriptorCache : /root/.ivy2/cache/org.scala-lang/scala-reflect/ivy-2.10.4.xml
post 1.3 ivy file: using exact as default matcher
	found ivy file in cache for org.scala-lang#scala-reflect;2.10.4 (resolved by redefined-public): /root/.ivy2/cache/org.scala-lang/scala-reflect/ivy-2.10.4.xml
redefined-public: module revision found in cache: org.scala-lang#scala-reflect;2.10.4
	found org.scala-lang#scala-reflect;2.10.4 in redefined-public
loadData of org.scala-lang#scala-reflect;2.10.4 of rootConf=default
	[2.10.4] org.scala-lang#scala-reflect;2.10.4
== resolving dependencies org.scala-lang#scala-compiler;2.10.4->org.scala-lang#scala-reflect;2.10.4 [compile->compile(*)]
loadData of org.scala-lang#scala-reflect;2.10.4 of rootConf=default
== resolving dependencies org.scala-lang#scala-reflect;2.10.4->org.scala-lang#scala-library;2.10.4 [compile->master(compile)]
loadData of org.scala-lang#scala-library;2.10.4 of rootConf=default
default is loaded and no conf to load.  Skip loading
== resolving dependencies org.scala-lang#scala-reflect;2.10.4->org.scala-lang#scala-library;2.10.4 [compile->compile(*)]
loadData of org.scala-lang#scala-library;2.10.4 of rootConf=default
default is loaded and no conf to load.  Skip loading
== resolving dependencies org.scala-lang#scala-compiler;2.10.4->org.scala-lang#scala-reflect;2.10.4 [compile->runtime(*)]
loadData of org.scala-lang#scala-reflect;2.10.4 of rootConf=default
== resolving dependencies org.scala-lang#scala-compiler;2.10.4->org.scala-lang#scala-reflect;2.10.4 [compile->compile]
loadData of org.scala-lang#scala-reflect;2.10.4 of rootConf=default
== resolving dependencies org.scala-lang#scala-reflect;2.10.4->org.scala-lang#scala-library;2.10.4 [runtime->runtime(*)]
loadData of org.scala-lang#scala-library;2.10.4 of rootConf=default
default is loaded and no conf to load.  Skip loading
== resolving dependencies org.scala-lang#scala-reflect;2.10.4->org.scala-lang#scala-library;2.10.4 [runtime->compile]
loadData of org.scala-lang#scala-library;2.10.4 of rootConf=default
default is loaded and no conf to load.  Skip loading
== resolving dependencies org.scala-lang#scala-compiler;2.10.4->org.scala-lang#scala-library;2.10.4 [runtime->runtime(*)]
loadData of org.scala-lang#scala-library;2.10.4 of rootConf=default
default is loaded and no conf to load.  Skip loading
== resolving dependencies org.scala-lang#scala-compiler;2.10.4->org.scala-lang#scala-library;2.10.4 [runtime->compile]
loadData of org.scala-lang#scala-library;2.10.4 of rootConf=default
default is loaded and no conf to load.  Skip loading
== resolving dependencies org.scala-lang#scala-compiler;2.10.4->org.scala-lang#scala-reflect;2.10.4 [runtime->runtime(*)]
loadData of org.scala-lang#scala-reflect;2.10.4 of rootConf=default
default is loaded and no conf to load.  Skip loading
== resolving dependencies org.scala-lang#scala-compiler;2.10.4->org.scala-lang#scala-reflect;2.10.4 [runtime->compile]
loadData of org.scala-lang#scala-reflect;2.10.4 of rootConf=default
default is loaded and no conf to load.  Skip loading
== resolving dependencies org.scala-sbt#boot-scala;1.0->org.scala-lang#scala-compiler;2.10.4 [default->master]
loadData of org.scala-lang#scala-compiler;2.10.4 of rootConf=default
== resolving dependencies org.scala-sbt#boot-scala;1.0->org.scala-lang#scala-compiler;2.10.4 [default->optional(default)]
loadData of org.scala-lang#scala-compiler;2.10.4 of rootConf=default
== resolving dependencies org.scala-lang#scala-compiler;2.10.4->org.scala-lang#jline;2.10.4 [optional->master(compile)]
loadData of org.scala-lang#jline;2.10.4 of rootConf=default
	using redefined-public to resolve org.scala-lang#jline;2.10.4
redefined-public: Checking cache for: dependency: org.scala-lang#jline;2.10.4 {optional=[compile(*), master(compile)]}
No entry is found in the ModuleDescriptorCache : /root/.ivy2/cache/org.scala-lang/jline/ivy-2.10.4.xml
post 1.3 ivy file: using exact as default matcher
	resolver not found: sbt-chain => trying to use the one configured for org.scala-lang#jline;2.10.4
	configured resolver found for org.scala-lang#jline;2.10.4: redefined-public: saving this data
	found ivy file in cache for org.scala-lang#jline;2.10.4 (resolved by redefined-public): /root/.ivy2/cache/org.scala-lang/jline/ivy-2.10.4.xml
redefined-public: module revision found in cache: org.scala-lang#jline;2.10.4
	found org.scala-lang#jline;2.10.4 in redefined-public
== resolving dependencies org.scala-lang#scala-compiler;2.10.4->org.scala-lang#jline;2.10.4 [optional->compile(*)]
loadData of org.scala-lang#jline;2.10.4 of rootConf=default
== resolving dependencies org.scala-lang#jline;2.10.4->org.fusesource.jansi#jansi;1.4 [compile->master(compile)]
loadData of org.fusesource.jansi#jansi;1.4 of rootConf=default
	using redefined-public to resolve org.fusesource.jansi#jansi;1.4
redefined-public: Checking cache for: dependency: org.fusesource.jansi#jansi;1.4 {compile=[compile(*), master(compile)], runtime=[runtime(*)]}
No entry is found in the ModuleDescriptorCache : /root/.ivy2/cache/org.fusesource.jansi/jansi/ivy-1.4.xml
post 1.3 ivy file: using exact as default matcher
	resolver not found: sbt-chain => trying to use the one configured for org.fusesource.jansi#jansi;1.4
	configured resolver found for org.fusesource.jansi#jansi;1.4: redefined-public: saving this data
	found ivy file in cache for org.fusesource.jansi#jansi;1.4 (resolved by redefined-public): /root/.ivy2/cache/org.fusesource.jansi/jansi/ivy-1.4.xml
redefined-public: module revision found in cache: org.fusesource.jansi#jansi;1.4
	found org.fusesource.jansi#jansi;1.4 in redefined-public
== resolving dependencies org.scala-lang#jline;2.10.4->org.fusesource.jansi#jansi;1.4 [compile->compile(*)]
loadData of org.fusesource.jansi#jansi;1.4 of rootConf=default
== resolving dependencies org.scala-sbt#boot-scala;1.0->org.scala-lang#scala-library;2.10.4 [default->default]
loadData of org.scala-lang#scala-library;2.10.4 of rootConf=default
default is loaded and no conf to load.  Skip loading
== resolving dependencies org.scala-sbt#boot-scala;1.0->org.scala-lang#scala-library;2.10.4 [default->runtime]
loadData of org.scala-lang#scala-library;2.10.4 of rootConf=default
default is loaded and no conf to load.  Skip loading
== resolving dependencies org.scala-sbt#boot-scala;1.0->org.scala-lang#scala-library;2.10.4 [default->compile]
loadData of org.scala-lang#scala-library;2.10.4 of rootConf=default
default is loaded and no conf to load.  Skip loading
== resolving dependencies org.scala-sbt#boot-scala;1.0->org.scala-lang#scala-library;2.10.4 [default->master]
loadData of org.scala-lang#scala-library;2.10.4 of rootConf=default
default is loaded and no conf to load.  Skip loading
Nbr of module to sort : 5
Sort dependencies of : org.scala-lang#scala-compiler;2.10.4 / Number of dependencies = 3
Sort dependencies of : org.scala-lang#scala-library;2.10.4 / Number of dependencies = 0
Sort done for : org.scala-lang#scala-library;2.10.4
Sort dependencies of : org.scala-lang#scala-reflect;2.10.4 / Number of dependencies = 1
Module descriptor is processed : org.scala-lang#scala-library;2.10.4
Sort done for : org.scala-lang#scala-reflect;2.10.4
Sort dependencies of : org.scala-lang#jline;2.10.4 / Number of dependencies = 1
Sort dependencies of : org.fusesource.jansi#jansi;1.4 / Number of dependencies = 1
Sort done for : org.fusesource.jansi#jansi;1.4
Sort done for : org.scala-lang#jline;2.10.4
Sort done for : org.scala-lang#scala-compiler;2.10.4
Module descriptor is processed : org.scala-lang#scala-library;2.10.4
Module descriptor is processed : org.scala-lang#scala-reflect;2.10.4
Module descriptor is processed : org.scala-lang#jline;2.10.4
Module descriptor is processed : org.fusesource.jansi#jansi;1.4
storing dependency org.scala-lang#scala-compiler;2.10.4 in props
storing dependency org.scala-lang#scala-library;2.10.4 in props
	resolved ivy file produced in cache
:: downloading artifacts ::
	[NOT REQUIRED] org.scala-lang#scala-compiler;2.10.4!scala-compiler.jar
	[NOT REQUIRED] org.scala-lang#scala-library;2.10.4!scala-library.jar
	[NOT REQUIRED] org.scala-lang#scala-reflect;2.10.4!scala-reflect.jar
	[NOT REQUIRED] org.scala-lang#jline;2.10.4!jline.jar
	[NOT REQUIRED] org.fusesource.jansi#jansi;1.4!jansi.jar
:: resolution report :: resolve 217ms :: artifacts dl 32ms
Nbr of module to sort : 5
Sort dependencies of : org.scala-lang#scala-compiler;2.10.4 / Number of dependencies = 3
Sort dependencies of : org.scala-lang#scala-library;2.10.4 / Number of dependencies = 0
Sort done for : org.scala-lang#scala-library;2.10.4
Sort dependencies of : org.scala-lang#scala-reflect;2.10.4 / Number of dependencies = 1
Module descriptor is processed : org.scala-lang#scala-library;2.10.4
Sort done for : org.scala-lang#scala-reflect;2.10.4
Sort dependencies of : org.scala-lang#jline;2.10.4 / Number of dependencies = 1
Sort dependencies of : org.fusesource.jansi#jansi;1.4 / Number of dependencies = 1
Sort done for : org.fusesource.jansi#jansi;1.4
Sort done for : org.scala-lang#jline;2.10.4
Sort done for : org.scala-lang#scala-compiler;2.10.4
Module descriptor is processed : org.scala-lang#scala-library;2.10.4
Module descriptor is processed : org.scala-lang#scala-reflect;2.10.4
Module descriptor is processed : org.scala-lang#jline;2.10.4
Module descriptor is processed : org.fusesource.jansi#jansi;1.4
	report for org.scala-sbt#boot-scala;1.0 default produced in /root/.sbt/boot/resolution-cache/org.scala-sbt-boot-scala-default.xml
	resolve done (217ms resolve - 32ms download)
setting 'scala' to '2.10.4'
:: retrieving :: org.scala-sbt#boot-scala
	checkUpToDate=true
post 1.3 ivy file: using exact as default matcher
no explicit confs given for retrieve, using ivy file: file:/root/.sbt/boot/resolution-cache/resolved-org.scala-sbt-boot-scala-1.0.xml
	confs: [default]
	retrieving /root/.ivy2/cache/org.scala-lang/scala-reflect/jars/scala-reflect-2.10.4.jar
		to /root/.sbt/boot/scala-2.10.4/lib/scala-reflect.jar
	retrieving /root/.ivy2/cache/org.scala-lang/scala-compiler/jars/scala-compiler-2.10.4.jar
		to /root/.sbt/boot/scala-2.10.4/lib/scala-compiler.jar
	retrieving /root/.ivy2/cache/org.fusesource.jansi/jansi/jars/jansi-1.4.jar
		to /root/.sbt/boot/scala-2.10.4/lib/jansi.jar
	retrieving /root/.ivy2/cache/org.scala-lang/jline/jars/jline-2.10.4.jar
		to /root/.sbt/boot/scala-2.10.4/lib/jline.jar
	retrieving /root/.ivy2/cache/org.scala-lang/scala-library/jars/scala-library-2.10.4.jar
		to /root/.sbt/boot/scala-2.10.4/lib/scala-library.jar
	5 artifacts copied, 0 already retrieved (24459kB/754ms)
	retrieve done (754ms)
